0 info it worked if it ends with ok
1 verbose cli [ 'D:\\Program Files\\nodejs\\node.exe',
1 verbose cli   'C:\\Users\\Administrator\\AppData\\Roaming\\npm\\node_modules\\npm\\bin\\npm-cli.js',
1 verbose cli   'start' ]
2 info using npm@4.0.3
3 info using node@v6.9.1
4 verbose run-script [ 'prestart', 'start', 'poststart' ]
5 info lifecycle react-comment@0.0.0~prestart: react-comment@0.0.0
6 silly lifecycle react-comment@0.0.0~prestart: no script for prestart, continuing
7 info lifecycle react-comment@0.0.0~start: react-comment@0.0.0
8 verbose lifecycle react-comment@0.0.0~start: unsafe-perm in lifecycle true
9 verbose lifecycle react-comment@0.0.0~start: PATH: C:\Users\Administrator\AppData\Roaming\npm\node_modules\npm\bin\node-gyp-bin;F:\学习\React\react-comment\node_modules\.bin;C:\ProgramData\Oracle\Java\javapath;D:\Program Files\Git\cmd;C:\Program Files\TortoiseGit\bin;C:\WINDOWS\system32;C:\WINDOWS;C:\WINDOWS\system32\wbem;D:\Program Files\Java\jdk1.8.0_101;D:\Program Files\nodejs\;D:\Program Files\MySQL\MySQL Server 5.7\bin;D:\redis;C:\WINDOWS\system32\config\systemprofile\.dnx\bin;C:\Program Files\Microsoft DNX\Dnvm\;C:\Program Files\Microsoft SQL Server\130\Tools\Binn\;C:\Program Files\Microsoft SQL Server\120\Tools\Binn\;C:\Program Files (x86)\Windows Kits\10\Windows Performance Toolkit\;G:\软件\apache-ant-1.10.1-bin\apache-ant-1.10.1\bin;C:\Users\Administrator\AppData\Roaming\npm
10 verbose lifecycle react-comment@0.0.0~start: CWD: F:\学习\React\react-comment
11 silly lifecycle react-comment@0.0.0~start: Args: [ '/d /s /c', 'node ./bin/www' ]
12 silly lifecycle react-comment@0.0.0~start: Returned: code: 3221225786  signal: null
13 info lifecycle react-comment@0.0.0~start: Failed to exec start script
14 verbose stack Error: react-comment@0.0.0 start: `node ./bin/www`
14 verbose stack Exit status 3221225786
14 verbose stack     at EventEmitter.<anonymous> (C:\Users\Administrator\AppData\Roaming\npm\node_modules\npm\lib\utils\lifecycle.js:279:16)
14 verbose stack     at emitTwo (events.js:106:13)
14 verbose stack     at EventEmitter.emit (events.js:191:7)
14 verbose stack     at ChildProcess.<anonymous> (C:\Users\Administrator\AppData\Roaming\npm\node_modules\npm\lib\utils\spawn.js:40:14)
14 verbose stack     at emitTwo (events.js:106:13)
14 verbose stack     at ChildProcess.emit (events.js:191:7)
14 verbose stack     at maybeClose (internal/child_process.js:877:16)
14 verbose stack     at Process.ChildProcess._handle.onexit (internal/child_process.js:226:5)
15 verbose pkgid react-comment@0.0.0
16 verbose cwd F:\学习\React\react-comment
17 error Windows_NT 10.0.10586
18 error argv "D:\\Program Files\\nodejs\\node.exe" "C:\\Users\\Administrator\\AppData\\Roaming\\npm\\node_modules\\npm\\bin\\npm-cli.js" "start"
19 error node v6.9.1
20 error npm  v4.0.3
21 error code ELIFECYCLE
22 error react-comment@0.0.0 start: `node ./bin/www`
22 error Exit status 3221225786
23 error Failed at the react-comment@0.0.0 start script 'node ./bin/www'.
23 error Make sure you have the latest version of node.js and npm installed.
23 error If you do, this is most likely a problem with the react-comment package,
23 error not with npm itself.
23 error Tell the author that this fails on your system:
23 error     node ./bin/www
23 error You can get information on how to open an issue for this project with:
23 error     npm bugs react-comment
23 error Or if that isn't available, you can get their info via:
23 error     npm owner ls react-comment
23 error There is likely additional logging output above.
24 verbose exit [ 1, true ]
